  [1m[36m (104.2ms)[0m  [1mCREATE TABLE "schema_migrations" ("version" varchar NOT NULL) [0m
  [1m[35m (0.3ms)[0m  select sqlite_version(*)
  [1m[36m (98.4ms)[0m  [1mCREATE UNIQUE INDEX "unique_schema_migrations" ON "schema_migrations" ("version")[0m
  [1m[35mActiveRecord::SchemaMigration Load (0.2ms)[0m  SELECT "schema_migrations".* FROM "schema_migrations"
Migrating to CreateUsers (20150515005812)
  [1m[36m (0.1ms)[0m  [1mbegin transaction[0m
  [1m[35m (0.3ms)[0m  CREATE TABLE "users" ("id" INTEGER PRIMARY KEY AUTOINCREMENT NOT NULL, "name" varchar, "email" varchar, "password" varchar, "created_at" datetime NOT NULL, "updated_at" datetime NOT NULL) 
  [1m[36mSQL (0.1ms)[0m  [1mINSERT INTO "schema_migrations" ("version") VALUES (?)[0m  [["version", "20150515005812"]]
  [1m[35m (93.3ms)[0m  commit transaction
Migrating to CreateOpinions (20150515005912)
  [1m[36m (0.2ms)[0m  [1mbegin transaction[0m
  [1m[35m (0.7ms)[0m  CREATE TABLE "opinions" ("id" INTEGER PRIMARY KEY AUTOINCREMENT NOT NULL, "description" text, "user_id" integer, "created_at" datetime NOT NULL, "updated_at" datetime NOT NULL) 
  [1m[36mSQL (0.3ms)[0m  [1mINSERT INTO "schema_migrations" ("version") VALUES (?)[0m  [["version", "20150515005912"]]
  [1m[35m (94.6ms)[0m  commit transaction
Migrating to CreateComments (20150515005937)
  [1m[36m (0.2ms)[0m  [1mbegin transaction[0m
  [1m[35m (0.8ms)[0m  CREATE TABLE "comments" ("id" INTEGER PRIMARY KEY AUTOINCREMENT NOT NULL, "description" text, "user_id" integer, "opinion_id" integer, "created_at" datetime NOT NULL, "updated_at" datetime NOT NULL) 
  [1m[36mSQL (0.3ms)[0m  [1mINSERT INTO "schema_migrations" ("version") VALUES (?)[0m  [["version", "20150515005937"]]
  [1m[35m (94.7ms)[0m  commit transaction
Migrating to CreateAgrees (20150515010055)
  [1m[36m (0.2ms)[0m  [1mbegin transaction[0m
  [1m[35m (0.9ms)[0m  CREATE TABLE "agrees" ("id" INTEGER PRIMARY KEY AUTOINCREMENT NOT NULL, "opinion_id" integer, "comment_id" integer, "user_id" integer, "created_at" datetime NOT NULL, "updated_at" datetime NOT NULL) 
  [1m[36mSQL (0.3ms)[0m  [1mINSERT INTO "schema_migrations" ("version") VALUES (?)[0m  [["version", "20150515010055"]]
  [1m[35m (94.7ms)[0m  commit transaction
Migrating to CreateDisagrees (20150515010101)
  [1m[36m (0.1ms)[0m  [1mbegin transaction[0m
  [1m[35m (0.4ms)[0m  CREATE TABLE "disagrees" ("id" INTEGER PRIMARY KEY AUTOINCREMENT NOT NULL, "opinion_id" integer, "comment_id" integer, "user_id" integer, "created_at" datetime NOT NULL, "updated_at" datetime NOT NULL) 
  [1m[36mSQL (0.3ms)[0m  [1mINSERT INTO "schema_migrations" ("version") VALUES (?)[0m  [["version", "20150515010101"]]
  [1m[35m (98.8ms)[0m  commit transaction
  [1m[36mActiveRecord::SchemaMigration Load (0.3ms)[0m  [1mSELECT "schema_migrations".* FROM "schema_migrations"[0m
  [1m[36m (157.3ms)[0m  [1mCREATE TABLE "agrees" ("id" INTEGER PRIMARY KEY AUTOINCREMENT NOT NULL, "opinion_id" integer, "comment_id" integer, "user_id" integer, "created_at" datetime NOT NULL, "updated_at" datetime NOT NULL) [0m
  [1m[35m (165.8ms)[0m  CREATE TABLE "comments" ("id" INTEGER PRIMARY KEY AUTOINCREMENT NOT NULL, "description" text, "user_id" integer, "opinion_id" integer, "created_at" datetime NOT NULL, "updated_at" datetime NOT NULL) 
  [1m[36m (121.0ms)[0m  [1mCREATE TABLE "disagrees" ("id" INTEGER PRIMARY KEY AUTOINCREMENT NOT NULL, "opinion_id" integer, "comment_id" integer, "user_id" integer, "created_at" datetime NOT NULL, "updated_at" datetime NOT NULL) [0m
  [1m[35m (144.3ms)[0m  CREATE TABLE "opinions" ("id" INTEGER PRIMARY KEY AUTOINCREMENT NOT NULL, "description" text, "user_id" integer, "created_at" datetime NOT NULL, "updated_at" datetime NOT NULL) 
  [1m[36m (121.8ms)[0m  [1mCREATE TABLE "users" ("id" INTEGER PRIMARY KEY AUTOINCREMENT NOT NULL, "name" varchar, "email" varchar, "password" varchar, "created_at" datetime NOT NULL, "updated_at" datetime NOT NULL) [0m
  [1m[35m (153.4ms)[0m  CREATE TABLE "schema_migrations" ("version" varchar NOT NULL) 
  [1m[36m (0.1ms)[0m  [1mselect sqlite_version(*)[0m
  [1m[35m (250.8ms)[0m  CREATE UNIQUE INDEX "unique_schema_migrations" ON "schema_migrations" ("version")
  [1m[36m (0.3ms)[0m  [1mSELECT version FROM "schema_migrations"[0m
  [1m[35m (154.8ms)[0m  INSERT INTO "schema_migrations" (version) VALUES ('20150515010101')
  [1m[36m (155.8ms)[0m  [1mINSERT INTO "schema_migrations" (version) VALUES ('20150515005912')[0m
  [1m[35m (155.7ms)[0m  INSERT INTO "schema_migrations" (version) VALUES ('20150515005937')
  [1m[36m (155.8ms)[0m  [1mINSERT INTO "schema_migrations" (version) VALUES ('20150515010055')[0m
  [1m[35m (122.4ms)[0m  INSERT INTO "schema_migrations" (version) VALUES ('20150515005812')
  [1m[36m (119.0ms)[0m  [1mCREATE TABLE "agrees" ("id" INTEGER PRIMARY KEY AUTOINCREMENT NOT NULL, "opinion_id" integer, "comment_id" integer, "user_id" integer, "created_at" datetime NOT NULL, "updated_at" datetime NOT NULL) [0m
  [1m[35m (143.0ms)[0m  CREATE TABLE "comments" ("id" INTEGER PRIMARY KEY AUTOINCREMENT NOT NULL, "description" text, "user_id" integer, "opinion_id" integer, "created_at" datetime NOT NULL, "updated_at" datetime NOT NULL) 
  [1m[36m (121.6ms)[0m  [1mCREATE TABLE "disagrees" ("id" INTEGER PRIMARY KEY AUTOINCREMENT NOT NULL, "opinion_id" integer, "comment_id" integer, "user_id" integer, "created_at" datetime NOT NULL, "updated_at" datetime NOT NULL) [0m
  [1m[35m (143.3ms)[0m  CREATE TABLE "opinions" ("id" INTEGER PRIMARY KEY AUTOINCREMENT NOT NULL, "description" text, "user_id" integer, "created_at" datetime NOT NULL, "updated_at" datetime NOT NULL) 
  [1m[36m (176.8ms)[0m  [1mCREATE TABLE "users" ("id" INTEGER PRIMARY KEY AUTOINCREMENT NOT NULL, "name" varchar, "email" varchar, "password" varchar, "created_at" datetime NOT NULL, "updated_at" datetime NOT NULL) [0m
  [1m[35m (145.8ms)[0m  CREATE TABLE "schema_migrations" ("version" varchar NOT NULL) 
  [1m[36m (0.2ms)[0m  [1mselect sqlite_version(*)[0m
  [1m[35m (132.1ms)[0m  CREATE UNIQUE INDEX "unique_schema_migrations" ON "schema_migrations" ("version")
  [1m[36m (0.3ms)[0m  [1mSELECT version FROM "schema_migrations"[0m
  [1m[35m (110.2ms)[0m  INSERT INTO "schema_migrations" (version) VALUES ('20150515010101')
  [1m[36m (133.5ms)[0m  [1mINSERT INTO "schema_migrations" (version) VALUES ('20150515005912')[0m
  [1m[35m (122.4ms)[0m  INSERT INTO "schema_migrations" (version) VALUES ('20150515005937')
  [1m[36m (122.4ms)[0m  [1mINSERT INTO "schema_migrations" (version) VALUES ('20150515010055')[0m
  [1m[35m (100.0ms)[0m  INSERT INTO "schema_migrations" (version) VALUES ('20150515005812')
  [1m[36mActiveRecord::SchemaMigration Load (0.1ms)[0m  [1mSELECT "schema_migrations".* FROM "schema_migrations"[0m
  [1m[36m (140.4ms)[0m  [1mCREATE TABLE "agrees" ("id" INTEGER PRIMARY KEY AUTOINCREMENT NOT NULL, "opinion_id" integer, "comment_id" integer, "user_id" integer, "created_at" datetime NOT NULL, "updated_at" datetime NOT NULL) [0m
  [1m[35m (109.7ms)[0m  CREATE TABLE "comments" ("id" INTEGER PRIMARY KEY AUTOINCREMENT NOT NULL, "description" text, "user_id" integer, "opinion_id" integer, "created_at" datetime NOT NULL, "updated_at" datetime NOT NULL) 
  [1m[36m (145.1ms)[0m  [1mCREATE TABLE "disagrees" ("id" INTEGER PRIMARY KEY AUTOINCREMENT NOT NULL, "opinion_id" integer, "comment_id" integer, "user_id" integer, "created_at" datetime NOT NULL, "updated_at" datetime NOT NULL) [0m
  [1m[35m (143.0ms)[0m  CREATE TABLE "opinions" ("id" INTEGER PRIMARY KEY AUTOINCREMENT NOT NULL, "description" text, "user_id" integer, "created_at" datetime NOT NULL, "updated_at" datetime NOT NULL) 
  [1m[36m (122.6ms)[0m  [1mCREATE TABLE "users" ("id" INTEGER PRIMARY KEY AUTOINCREMENT NOT NULL, "name" varchar, "email" varchar, "password" varchar, "created_at" datetime NOT NULL, "updated_at" datetime NOT NULL) [0m
  [1m[35m (141.8ms)[0m  CREATE TABLE "schema_migrations" ("version" varchar NOT NULL) 
  [1m[36m (0.3ms)[0m  [1mselect sqlite_version(*)[0m
  [1m[35m (164.9ms)[0m  CREATE UNIQUE INDEX "unique_schema_migrations" ON "schema_migrations" ("version")
  [1m[36m (0.2ms)[0m  [1mSELECT version FROM "schema_migrations"[0m
  [1m[35m (121.8ms)[0m  INSERT INTO "schema_migrations" (version) VALUES ('20150515010101')
  [1m[36m (144.5ms)[0m  [1mINSERT INTO "schema_migrations" (version) VALUES ('20150515005912')[0m
  [1m[35m (144.6ms)[0m  INSERT INTO "schema_migrations" (version) VALUES ('20150515005937')
  [1m[36m (144.6ms)[0m  [1mINSERT INTO "schema_migrations" (version) VALUES ('20150515010055')[0m
  [1m[35m (133.5ms)[0m  INSERT INTO "schema_migrations" (version) VALUES ('20150515005812')
  [1m[36m (96.4ms)[0m  [1mCREATE TABLE "agrees" ("id" INTEGER PRIMARY KEY AUTOINCREMENT NOT NULL, "opinion_id" integer, "comment_id" integer, "user_id" integer, "created_at" datetime NOT NULL, "updated_at" datetime NOT NULL) [0m
  [1m[35m (98.7ms)[0m  CREATE TABLE "comments" ("id" INTEGER PRIMARY KEY AUTOINCREMENT NOT NULL, "description" text, "user_id" integer, "opinion_id" integer, "created_at" datetime NOT NULL, "updated_at" datetime NOT NULL) 
  [1m[36m (98.7ms)[0m  [1mCREATE TABLE "disagrees" ("id" INTEGER PRIMARY KEY AUTOINCREMENT NOT NULL, "opinion_id" integer, "comment_id" integer, "user_id" integer, "created_at" datetime NOT NULL, "updated_at" datetime NOT NULL) [0m
  [1m[35m (121.0ms)[0m  CREATE TABLE "opinions" ("id" INTEGER PRIMARY KEY AUTOINCREMENT NOT NULL, "description" text, "user_id" integer, "created_at" datetime NOT NULL, "updated_at" datetime NOT NULL) 
  [1m[36m (167.5ms)[0m  [1mCREATE TABLE "users" ("id" INTEGER PRIMARY KEY AUTOINCREMENT NOT NULL, "name" varchar, "email" varchar, "password" varchar, "created_at" datetime NOT NULL, "updated_at" datetime NOT NULL) [0m
  [1m[35m (154.7ms)[0m  CREATE TABLE "schema_migrations" ("version" varchar NOT NULL) 
  [1m[36m (0.2ms)[0m  [1mselect sqlite_version(*)[0m
  [1m[35m (154.1ms)[0m  CREATE UNIQUE INDEX "unique_schema_migrations" ON "schema_migrations" ("version")
  [1m[36m (0.1ms)[0m  [1mSELECT version FROM "schema_migrations"[0m
  [1m[35m (133.6ms)[0m  INSERT INTO "schema_migrations" (version) VALUES ('20150515010101')
  [1m[36m (155.8ms)[0m  [1mINSERT INTO "schema_migrations" (version) VALUES ('20150515005912')[0m
  [1m[35m (155.9ms)[0m  INSERT INTO "schema_migrations" (version) VALUES ('20150515005937')
  [1m[36m (155.6ms)[0m  [1mINSERT INTO "schema_migrations" (version) VALUES ('20150515010055')[0m
  [1m[35m (144.7ms)[0m  INSERT INTO "schema_migrations" (version) VALUES ('20150515005812')
  [1m[36mActiveRecord::SchemaMigration Load (0.3ms)[0m  [1mSELECT "schema_migrations".* FROM "schema_migrations"[0m
